<?xml version="1.0" encoding="UTF-8"?>
<testsuite xmlns:xsi="http://www.w3.org/2001/XMLSchema-instance" xsi:noNamespaceSchemaLocation="https://maven.apache.org/surefire/maven-surefire-plugin/xsd/surefire-test-report-3.0.xsd" version="3.0" name="com.zekademirli.questapp.QuestappApplicationTests" time="7.33" tests="1" errors="0" skipped="0" failures="0">
  <properties>
[...]
</properties>
  <testcase name="contextLoads" classname="com.zekademirli.questapp.QuestappApplicationTests" time="0.624">
    <system-out><![CDATA[19:09:28.153 [main] INFO org.springframework.test.context.support.AnnotationConfigContextLoaderUtils -- Could not detect default configuration classes for test class [com.zekademirli.questapp.QuestappApplicationTests]: QuestappApplicationTests does not declare any static, non-private, non-final, nested classes annotated with @Configuration.
19:09:28.298 [main] INFO org.springframework.boot.test.context.SpringBootTestContextBootstrapper -- Found @SpringBootConfiguration com.zekademirli.questapp.QuestappApplication for test class com.zekademirli.questapp.QuestappApplicationTests
19:09:28.537 [main] INFO org.springframework.boot.devtools.restart.RestartApplicationListener -- Restart disabled due to context in which it is running

  .   ____          _            __ _ _
 /\\ / ___'_ __ _ _(_)_ __  __ _ \ \ \ \
( ( )\___ | '_ | '_| | '_ \/ _` | \ \ \ \
 \\/  ___)| |_)| | | | | || (_| |  ) ) ) )
  '  |____| .__|_| |_|_| |_\__, | / / / /
 =========|_|==============|___/=/_/_/_/
 :: Spring Boot ::               (v3.2.11)

2024-12-21T19:09:28.837+04:00  INFO 11988 --- [questapp] [           main] c.z.questapp.QuestappApplicationTests    : Starting QuestappApplicationTests using Java 21.0.2 with PID 11988 (started by Zaka in C:\addnode\Java Projects\Kurulumu-1\questapp)
2024-12-21T19:09:28.839+04:00  INFO 11988 --- [questapp] [           main] c.z.questapp.QuestappApplicationTests    : No active profile set, falling back to 1 default profile: "default"
2024-12-21T19:09:30.010+04:00  INFO 11988 --- [questapp] [           main] .s.d.r.c.RepositoryConfigurationDelegate : Bootstrapping Spring Data JPA repositories in DEFAULT mode.
2024-12-21T19:09:30.088+04:00  INFO 11988 --- [questapp] [           main] .s.d.r.c.RepositoryConfigurationDelegate : Finished Spring Data repository scanning in 70 ms. Found 5 JPA repository interfaces.
2024-12-21T19:09:30.723+04:00  INFO 11988 --- [questapp] [           main] com.zaxxer.hikari.HikariDataSource       : HikariPool-1 - Starting...
2024-12-21T19:09:31.000+04:00  INFO 11988 --- [questapp] [           main] com.zaxxer.hikari.pool.HikariPool        : HikariPool-1 - Added connection conn0: url=jdbc:h2:mem:questapp user=SA
2024-12-21T19:09:31.002+04:00  INFO 11988 --- [questapp] [           main] com.zaxxer.hikari.HikariDataSource       : HikariPool-1 - Start completed.
2024-12-21T19:09:31.095+04:00  INFO 11988 --- [questapp] [           main] o.hibernate.jpa.internal.util.LogHelper  : HHH000204: Processing PersistenceUnitInfo [name: default]
2024-12-21T19:09:31.197+04:00  INFO 11988 --- [questapp] [           main] org.hibernate.Version                    : HHH000412: Hibernate ORM core version 6.4.10.Final
2024-12-21T19:09:31.256+04:00  INFO 11988 --- [questapp] [           main] o.h.c.internal.RegionFactoryInitiator    : HHH000026: Second-level cache disabled
2024-12-21T19:09:31.665+04:00  INFO 11988 --- [questapp] [           main] o.s.o.j.p.SpringPersistenceUnitInfo      : No LoadTimeWeaver setup: ignoring JPA class transformer
2024-12-21T19:09:31.734+04:00  WARN 11988 --- [questapp] [           main] org.hibernate.orm.deprecation            : HHH90000025: H2Dialect does not need to be specified explicitly using 'hibernate.dialect' (remove the property setting and it will be selected by default)
2024-12-21T19:09:32.744+04:00  INFO 11988 --- [questapp] [           main] o.h.e.t.j.p.i.JtaPlatformInitiator       : HHH000489: No JTA platform available (set 'hibernate.transaction.jta.platform' to enable JTA platform integration)
2024-12-21T19:09:32.808+04:00  INFO 11988 --- [questapp] [           main] j.LocalContainerEntityManagerFactoryBean : Initialized JPA EntityManagerFactory for persistence unit 'default'
2024-12-21T19:09:33.381+04:00  INFO 11988 --- [questapp] [           main] o.s.d.j.r.query.QueryEnhancerFactory     : Hibernate is in classpath; If applicable, HQL parser will be used.
2024-12-21T19:09:33.650+04:00  WARN 11988 --- [questapp] [           main] JpaBaseConfiguration$JpaWebConfiguration : spring.jpa.open-in-view is enabled by default. Therefore, database queries may be performed during view rendering. Explicitly configure spring.jpa.open-in-view to disable this warning
2024-12-21T19:09:34.087+04:00  INFO 11988 --- [questapp] [           main] o.s.s.web.DefaultSecurityFilterChain     : Will secure any request with [org.springframework.security.web.session.DisableEncodeUrlFilter@66297b63, org.springframework.security.web.context.request.async.WebAsyncManagerIntegrationFilter@1d7f2719, org.springframework.security.web.context.SecurityContextHolderFilter@628b9af5, org.springframework.security.web.header.HeaderWriterFilter@6700374f, org.springframework.security.web.authentication.logout.LogoutFilter@23263586, com.zekademirli.questapp.security.JwtAuthenticationFilter@14b0b7f9, org.springframework.security.web.savedrequest.RequestCacheAwareFilter@2a3c3a04, org.springframework.security.web.servletapi.SecurityContextHolderAwareRequestFilter@2a9fd482, org.springframework.security.web.authentication.AnonymousAuthenticationFilter@685e5967, org.springframework.security.web.session.SessionManagementFilter@624268ab, org.springframework.security.web.access.ExceptionTranslationFilter@586af46, org.springframework.security.web.access.intercept.AuthorizationFilter@40477d52]
2024-12-21T19:09:34.592+04:00  INFO 11988 --- [questapp] [           main] c.z.questapp.QuestappApplicationTests    : Started QuestappApplicationTests in 6.073 seconds (process running for 7.37)
]]></system-out>
    <system-err><![CDATA[WARNING: A Java agent has been loaded dynamically (C:\Users\Zaka\.m2\repository\net\bytebuddy\byte-buddy-agent\1.14.19\byte-buddy-agent-1.14.19.jar)
WARNING: If a serviceability tool is in use, please run with -XX:+EnableDynamicAgentLoading to hide this warning
WARNING: If a serviceability tool is not in use, please run with -Djdk.instrument.traceUsage for more information
WARNING: Dynamic loading of agents will be disallowed by default in a future release
]]></system-err>
  </testcase>
</testsuite>